#
# There is insufficient memory for the Java Runtime Environment to continue.
# Native memory allocation (malloc) failed to allocate 32744 bytes for ChunkPool::allocate
# Possible reasons:
#   The system is out of physical RAM or swap space
#   The process is running with CompressedOops enabled, and the Java Heap may be blocking the growth of the native heap
# Possible solutions:
#   Reduce memory load on the system
#   Increase physical memory or swap space
#   Check if swap backing store is full
#   Decrease Java heap size (-Xmx/-Xms)
#   Decrease number of Java threads
#   Decrease Java thread stack sizes (-Xss)
#   Set larger code cache with -XX:ReservedCodeCacheSize=
#   JVM is running with Zero Based Compressed Oops mode in which the Java heap is
#     placed in the first 32GB address space. The Java Heap base address is the
#     maximum limit for the native heap growth. Please use -XX:HeapBaseMinAddress
#     to set the Java Heap base and to place the Java Heap above 32GB virtual address.
# This output file may be truncated or incomplete.
#
#  Out of Memory Error (./src/hotspot/share/memory/arena.cpp:81), pid=265860, tid=34264
#
# JRE version: OpenJDK Runtime Environment (11.0.12+7) (build 11.0.12+7-b1504.28-7817840)
# Java VM: OpenJDK 64-Bit Server VM (11.0.12+7-b1504.28-7817840, mixed mode, tiered, compressed oops, g1 gc, windows-amd64)
# No core dump will be written. Minidumps are not enabled by default on client versions of Windows
#

---------------  S U M M A R Y ------------

Command Line: -Dorg.gradle.appname=gradlew org.gradle.wrapper.GradleWrapperMain -q -Ptarget-platform=android-x64 -Ptarget=D:\pk_grocery\grocery_mobile\lib\main.dart -Pbase-application-name=android.app.Application -Pdart-defines=RkxVVFRFUl9XRUJfQVVUT19ERVRFQ1Q9dHJ1ZQ== -Pdart-obfuscation=false -Pextra-front-end-options=--no-sound-null-safety -Ptrack-widget-creation=true -Ptree-shake-icons=false -Pfilesystem-scheme=org-dartlang-root assembleDebug

Host: Intel(R) Core(TM) i7-4800MQ CPU @ 2.70GHz, 8 cores, 31G,  Windows 10 , 64 bit Build 19041 (10.0.19041.1889)
Time: Sat Sep 10 09:12:38 2022 SE Asia Standard Time elapsed time: 104.755948 seconds (0d 0h 1m 44s)

---------------  T H R E A D  ---------------

Current thread (0x000001dffd65b800):  JavaThread "C2 CompilerThread0" daemon [_thread_in_native, id=34264, stack(0x000000077db00000,0x000000077dc00000)]


Current CompileTask:
C2: 104756 1554       4       org.gradle.internal.logging.sink.OutputEventTransformer::onOutput (399 bytes)

Stack: [0x000000077db00000,0x000000077dc00000]
Native frames: (J=compiled Java code, j=interpreted, Vv=VM code, C=native code)
V  [jvm.dll+0x5fbcea]
V  [jvm.dll+0x731905]
V  [jvm.dll+0x732f1d]
V  [jvm.dll+0x7335d3]
V  [jvm.dll+0x247bf8]
V  [jvm.dll+0xc041b]
V  [jvm.dll+0xc06cc]
V  [jvm.dll+0xc02cc]
V  [jvm.dll+0x5dbbae]
V  [jvm.dll+0x1ffbbb]
V  [jvm.dll+0x33c5a9]
V  [jvm.dll+0x2bc0e0]
V  [jvm.dll+0x2bb697]
V  [jvm.dll+0x610530]
V  [jvm.dll+0x610df2]
V  [jvm.dll+0x610453]
V  [jvm.dll+0x60e4a2]
V  [jvm.dll+0x18addc]
V  [jvm.dll+0x18bb29]
V  [jvm.dll+0x2bbcef]
V  [jvm.dll+0x619065]
V  [jvm.dll+0x610dea]
V  [jvm.dll+0x610453]
V  [jvm.dll+0x60e4a2]
V  [jvm.dll+0x18addc]
V  [jvm.dll+0x1ff4b5]
V  [jvm.dll+0x18868c]
V  [jvm.dll+0x20e0d7]
V  [jvm.dll+0x20c901]
V  [jvm.dll+0x6f9b7f]
V  [jvm.dll+0x6f26a5]
V  [jvm.dll+0x5fabf6]
C  [ucrtbase.dll+0x21bb2]
C  [KERNEL32.DLL+0x17034]
C  [ntdll.dll+0x52651]


---------------  P R O C E S S  ---------------

Threads class SMR info:
_java_thread_list=0x000001dffe9dfbb0, length=13, elements={
0x000001dfd2763800, 0x000001dffd5d7800, 0x000001dffd5d8000, 0x000001dffd607000,
0x000001dffd64b800, 0x000001dffd64c000, 0x000001dffd65b800, 0x000001dffd65e800,
0x000001dffd660000, 0x000001dffd7ce800, 0x000001dffd7ce000, 0x000001dffd7cb800,
0x000001dffd7cf800
}

Java Threads: ( => current thread )
  0x000001dfd2763800 JavaThread "main" [_thread_in_native, id=292336, stack(0x000000077cf00000,0x000000077d000000)]
  0x000001dffd5d7800 JavaThread "Reference Handler" daemon [_thread_blocked, id=285864, stack(0x000000077d600000,0x000000077d700000)]
  0x000001dffd5d8000 JavaThread "Finalizer" daemon [_thread_blocked, id=290164, stack(0x000000077d700000,0x000000077d800000)]
  0x000001dffd607000 JavaThread "Signal Dispatcher" daemon [_thread_blocked, id=293120, stack(0x000000077d800000,0x000000077d900000)]
  0x000001dffd64b800 JavaThread "Attach Listener" daemon [_thread_blocked, id=199512, stack(0x000000077d900000,0x000000077da00000)]
  0x000001dffd64c000 JavaThread "Service Thread" daemon [_thread_blocked, id=294184, stack(0x000000077da00000,0x000000077db00000)]
=>0x000001dffd65b800 JavaThread "C2 CompilerThread0" daemon [_thread_in_native, id=34264, stack(0x000000077db00000,0x000000077dc00000)]
  0x000001dffd65e800 JavaThread "C1 CompilerThread0" daemon [_thread_blocked, id=294244, stack(0x000000077dc00000,0x000000077dd00000)]
  0x000001dffd660000 JavaThread "Sweeper thread" daemon [_thread_blocked, id=294580, stack(0x000000077dd00000,0x000000077de00000)]
  0x000001dffd7ce800 JavaThread "Common-Cleaner" daemon [_thread_blocked, id=288328, stack(0x000000077df00000,0x000000077e000000)]
  0x000001dffd7ce000 JavaThread "pool-1-thread-1" [_thread_blocked, id=287968, stack(0x000000077e800000,0x000000077e900000)]
  0x000001dffd7cb800 JavaThread "DisconnectableInputStream source reader" daemon [_thread_in_native, id=296704, stack(0x000000077e900000,0x000000077ea00000)]
  0x000001dffd7cf800 JavaThread "Forward input" [_thread_blocked, id=277392, stack(0x000000077ea00000,0x000000077eb00000)]

Other Threads:
  0x000001dffd5b3000 VMThread "VM Thread" [stack: 0x000000077d500000,0x000000077d600000] [id=124508]
  0x000001dffd7c1800 WatcherThread [stack: 0x000000077de00000,0x000000077df00000] [id=282224]
  0x000001dfd273c800 GCTaskThread "GC Thread#0" [stack: 0x000000077d000000,0x000000077d100000] [id=289944]
  0x000001dffe5b0000 GCTaskThread "GC Thread#1" [stack: 0x000000077e100000,0x000000077e200000] [id=276824]
  0x000001dffdf85800 GCTaskThread "GC Thread#2" [stack: 0x000000077e200000,0x000000077e300000] [id=289264]
  0x000001dffe03c000 GCTaskThread "GC Thread#3" [stack: 0x000000077e300000,0x000000077e400000] [id=265124]
  0x000001dffe381000 GCTaskThread "GC Thread#4" [stack: 0x000000077e400000,0x000000077e500000] [id=276732]
  0x000001dffe382000 GCTaskThread "GC Thread#5" [stack: 0x000000077e500000,0x000000077e600000] [id=282140]
  0x000001dffdd6d800 GCTaskThread "GC Thread#6" [stack: 0x000000077e600000,0x000000077e700000] [id=292136]
  0x000001dffe3db000 GCTaskThread "GC Thread#7" [stack: 0x000000077e700000,0x000000077e800000] [id=284192]
  0x000001dfd27f5000 ConcurrentGCThread "G1 Main Marker" [stack: 0x000000077d100000,0x000000077d200000] [id=290588]
  0x000001dfd27f6800 ConcurrentGCThread "G1 Conc#0" [stack: 0x000000077d200000,0x000000077d300000] [id=286076]
  0x000001dffcc1b000 ConcurrentGCThread "G1 Refine#0" [stack: 0x000000077d300000,0x000000077d400000] [id=284108]
  0x000001dffcc1c000 ConcurrentGCThread "G1 Young RemSet Sampling" [stack: 0x000000077d400000,0x000000077d500000] [id=313600]

Threads with active compile tasks:
C2 CompilerThread0 104909 1554       4       org.gradle.internal.logging.sink.OutputEventTransformer::onOutput (399 bytes)

VM state:not at safepoint (normal execution)

VM Mutex/Monitor currently owned by a thread: None

Heap address: 0x000000042ea00000, size: 8096 MB, Compressed Oops mode: Zero based, Oop shift amount: 3
Narrow klass base: 0x0000000000000000, Narrow klass shift: 3
Compressed class space size: 1073741824 Address: 0x0000000628a00000

Heap:
 garbage-first heap   total 518144K, used 41035K [0x000000042ea00000, 0x0000000628a00000)
  region size 2048K, 18 young (36864K), 2 survivors (4096K)
 Metaspace       used 16280K, capacity 16603K, committed 16896K, reserved 1064960K
  class space    used 1847K, capacity 1987K, committed 2048K, reserved 1048576K
Heap Regions: E=young(eden), S=young(survivor), O=old, HS=humongous(starts), HC=humongous(continues), CS=collection set, F=free, A=archive, TAMS=top-at-mark-start (previous, next)
|   0|0x000000042ea00000, 0x000000042ea00000, 0x000000042ec00000|  0%| F|  |TAMS 0x000000042ea00000, 0x000000042ea00000| Untracked 
|   1|0x000000042ec00000, 0x000000042ec00000, 0x000000042ee00000|  0%| F|  |TAMS 0x000000042ec00000, 0x000000042ec00000| Untracked 
|   2|0x000000042ee00000, 0x000000042f000000, 0x000000042f000000|100%|HS|  |TAMS 0x000000042ee00000, 0x000000042ee00000| Complete 
|   3|0x000000042f000000, 0x000000042f200000, 0x000000042f200000|100%|HC|  |TAMS 0x000000042f000000, 0x000000042f000000| Complete 
|   4|0x000000042f200000, 0x000000042f400000, 0x000000042f400000|100%| O|  |TAMS 0x000000042f200000, 0x000000042f200000| Untracked 
|   5|0x000000042f400000, 0x000000042f412e00, 0x000000042f600000|  3%| O|  |TAMS 0x000000042f400000, 0x000000042f400000| Untracked 
|   6|0x000000042f600000, 0x000000042f600000, 0x000000042f800000|  0%| F|  |TAMS 0x000000042f600000, 0x000000042f600000| Untracked 
|   7|0x000000042f800000, 0x000000042f800000, 0x000000042fa00000|  0%| F|  |TAMS 0x000000042f800000, 0x000000042f800000| Untracked 
|   8|0x000000042fa00000, 0x000000042fa00000, 0x000000042fc00000|  0%| F|  |TAMS 0x000000042fa00000, 0x000000042fa00000| Untracked 
|   9|0x000000042fc00000, 0x000000042fc00000, 0x000000042fe00000|  0%| F|  |TAMS 0x000000042fc00000, 0x000000042fc00000| Untracked 
|  10|0x000000042fe00000, 0x000000042fe00000, 0x0000000430000000|  0%| F|  |TAMS 0x000000042fe00000, 0x000000042fe00000| Untracked 
|  11|0x0000000430000000, 0x0000000430000000, 0x0000000430200000|  0%| F|  |TAMS 0x0000000430000000, 0x0000000430000000| Untracked 
|  12|0x0000000430200000, 0x0000000430200000, 0x0000000430400000|  0%| F|  |TAMS 0x0000000430200000, 0x0000000430200000| Untracked 
|  13|0x0000000430400000, 0x0000000430400000, 0x0000000430600000|  0%| F|  |TAMS 0x0000000430400000, 0x0000000430400000| Untracked 
|  14|0x0000000430600000, 0x0000000430600000, 0x0000000430800000|  0%| F|  |TAMS 0x0000000430600000, 0x0000000430600000| Untracked 
|  15|0x0000000430800000, 0x0000000430800000, 0x0000000430a00000|  0%| F|  |TAMS 0x0000000430800000, 0x0000000430800000| Untracked 
|  16|0x0000000430a00000, 0x0000000430a00000, 0x0000000430c00000|  0%| F|  |TAMS 0x0000000430a00000, 0x0000000430a00000| Untracked 
|  17|0x0000000430c00000, 0x0000000430c00000, 0x0000000430e00000|  0%| F|  |TAMS 0x0000000430c00000, 0x0000000430c00000| Untracked 
|  18|0x0000000430e00000, 0x0000000430e00000, 0x0000000431000000|  0%| F|  |TAMS 0x0000000430e00000, 0x0000000430e00000| Untracked 
|  19|0x0000000431000000, 0x0000000431000000, 0x0000000431200000|  0%| F|  |TAMS 0x0000000431000000, 0x0000000431000000| Untracked 
|  20|0x0000000431200000, 0x0000000431200000, 0x0000000431400000|  0%| F|  |TAMS 0x0000000431200000, 0x0000000431200000| Untracked 
|  21|0x0000000431400000, 0x0000000431400000, 0x0000000431600000|  0%| F|  |TAMS 0x0000000431400000, 0x0000000431400000| Untracked 
|  22|0x0000000431600000, 0x0000000431600000, 0x0000000431800000|  0%| F|  |TAMS 0x0000000431600000, 0x0000000431600000| Untracked 
|  23|0x0000000431800000, 0x0000000431800000, 0x0000000431a00000|  0%| F|  |TAMS 0x0000000431800000, 0x0000000431800000| Untracked 
|  24|0x0000000431a00000, 0x0000000431a00000, 0x0000000431c00000|  0%| F|  |TAMS 0x0000000431a00000, 0x0000000431a00000| Untracked 
|  25|0x0000000431c00000, 0x0000000431c00000, 0x0000000431e00000|  0%| F|  |TAMS 0x0000000431c00000, 0x0000000431c00000| Untracked 
|  26|0x0000000431e00000, 0x0000000431e00000, 0x0000000432000000|  0%| F|  |TAMS 0x0000000431e00000, 0x0000000431e00000| Untracked 
|  27|0x0000000432000000, 0x0000000432000000, 0x0000000432200000|  0%| F|  |TAMS 0x0000000432000000, 0x0000000432000000| Untracked 
|  28|0x0000000432200000, 0x0000000432200000, 0x0000000432400000|  0%| F|  |TAMS 0x0000000432200000, 0x0000000432200000| Untracked 
|  29|0x0000000432400000, 0x0000000432400000, 0x0000000432600000|  0%| F|  |TAMS 0x0000000432400000, 0x0000000432400000| Untracked 
|  30|0x0000000432600000, 0x0000000432600000, 0x0000000432800000|  0%| F|  |TAMS 0x0000000432600000, 0x0000000432600000| Untracked 
|  31|0x0000000432800000, 0x0000000432800000, 0x0000000432a00000|  0%| F|  |TAMS 0x0000000432800000, 0x0000000432800000| Untracked 
|  32|0x0000000432a00000, 0x0000000432a00000, 0x0000000432c00000|  0%| F|  |TAMS 0x0000000432a00000, 0x0000000432a00000| Untracked 
|  33|0x0000000432c00000, 0x0000000432c00000, 0x0000000432e00000|  0%| F|  |TAMS 0x0000000432c00000, 0x0000000432c00000| Untracked 
|  34|0x0000000432e00000, 0x0000000432e00000, 0x0000000433000000|  0%| F|  |TAMS 0x0000000432e00000, 0x0000000432e00000| Untracked 
|  35|0x0000000433000000, 0x0000000433000000, 0x0000000433200000|  0%| F|  |TAMS 0x0000000433000000, 0x0000000433000000| Untracked 
|  36|0x0000000433200000, 0x0000000433200000, 0x0000000433400000|  0%| F|  |TAMS 0x0000000433200000, 0x0000000433200000| Untracked 
|  37|0x0000000433400000, 0x0000000433400000, 0x0000000433600000|  0%| F|  |TAMS 0x0000000433400000, 0x0000000433400000| Untracked 
|  38|0x0000000433600000, 0x0000000433600000, 0x0000000433800000|  0%| F|  |TAMS 0x0000000433600000, 0x0000000433600000| Untracked 
|  39|0x0000000433800000, 0x0000000433800000, 0x0000000433a00000|  0%| F|  |TAMS 0x0000000433800000, 0x0000000433800000| Untracked 
|  40|0x0000000433a00000, 0x0000000433a00000, 0x0000000433c00000|  0%| F|  |TAMS 0x0000000433a00000, 0x0000000433a00000| Untracked 
|  41|0x0000000433c00000, 0x0000000433c00000, 0x0000000433e00000|  0%| F|  |TAMS 0x0000000433c00000, 0x0000000433c00000| Untracked 
|  42|0x0000000433e00000, 0x0000000433e00000, 0x0000000434000000|  0%| F|  |TAMS 0x0000000433e00000, 0x0000000433e00000| Untracked 
|  43|0x0000000434000000, 0x0000000434000000, 0x0000000434200000|  0%| F|  |TAMS 0x0000000434000000, 0x0000000434000000| Untracked 
|  44|0x0000000434200000, 0x0000000434200000, 0x0000000434400000|  0%| F|  |TAMS 0x0000000434200000, 0x0000000434200000| Untracked 
|  45|0x0000000434400000, 0x0000000434400000, 0x0000000434600000|  0%| F|  |TAMS 0x0000000434400000, 0x0000000434400000| Untracked 
|  46|0x0000000434600000, 0x0000000434600000, 0x0000000434800000|  0%| F|  |TAMS 0x0000000434600000, 0x0000000434600000| Untracked 
|  47|0x0000000434800000, 0x0000000434800000, 0x0000000434a00000|  0%| F|  |TAMS 0x0000000434800000, 0x0000000434800000| Untracked 
|  48|0x0000000434a00000, 0x0000000434a00000, 0x0000000434c00000|  0%| F|  |TAMS 0x0000000434a00000, 0x0000000434a00000| Untracked 
|  49|0x0000000434c00000, 0x0000000434c00000, 0x0000000434e00000|  0%| F|  |TAMS 0x0000000434c00000, 0x0000000434c00000| Untracked 
|  50|0x0000000434e00000, 0x0000000434e00000, 0x0000000435000000|  0%| F|  |TAMS 0x0000000434e00000, 0x0000000434e00000| Untracked 
|  51|0x0000000435000000, 0x0000000435000000, 0x0000000435200000|  0%| F|  |TAMS 0x0000000435000000, 0x0000000435000000| Untracked 
|  52|0x0000000435200000, 0x0000000435200000, 0x0000000435400000|  0%| F|  |TAMS 0x0000000435200000, 0x0000000435200000| Untracked 
|  53|0x0000000435400000, 0x0000000435400000, 0x0000000435600000|  0%| F|  |TAMS 0x0000000435400000, 0x0000000435400000| Untracked 
|  54|0x0000000435600000, 0x0000000435600000, 0x0000000435800000|  0%| F|  |TAMS 0x0000000435600000, 0x0000000435600000| Untracked 
|  55|0x0000000435800000, 0x0000000435800000, 0x0000000435a00000|  0%| F|  |TAMS 0x0000000435800000, 0x0000000435800000| Untracked 
|  56|0x0000000435a00000, 0x0000000435a00000, 0x0000000435c00000|  0%| F|  |TAMS 0x0000000435a00000, 0x0000000435a00000| Untracked 
|  57|0x0000000435c00000, 0x0000000435c00000, 0x0000000435e00000|  0%| F|  |TAMS 0x0000000435c00000, 0x0000000435c00000| Untracked 
|  58|0x0000000435e00000, 0x0000000435e00000, 0x0000000436000000|  0%| F|  |TAMS 0x0000000435e00000, 0x0000000435e00000| Untracked 
|  59|0x0000000436000000, 0x0000000436000000, 0x0000000436200000|  0%| F|  |TAMS 0x0000000436000000, 0x0000000436000000| Untracked 
|  60|0x0000000436200000, 0x0000000436200000, 0x0000000436400000|  0%| F|  |TAMS 0x0000000436200000, 0x0000000436200000| Untracked 
|  61|0x0000000436400000, 0x0000000436400000, 0x0000000436600000|  0%| F|  |TAMS 0x0000000436400000, 0x0000000436400000| Untracked 
|  62|0x0000000436600000, 0x0000000436600000, 0x0000000436800000|  0%| F|  |TAMS 0x0000000436600000, 0x0000000436600000| Untracked 
|  63|0x0000000436800000, 0x0000000436800000, 0x0000000436a00000|  0%| F|  |TAMS 0x0000000436800000, 0x0000000436800000| Untracked 
|  64|0x0000000436a00000, 0x0000000436a00000, 0x0000000436c00000|  0%| F|  |TAMS 0x0000000436a00000, 0x0000000436a00000| Untracked 
|  65|0x0000000436c00000, 0x0000000436c00000, 0x0000000436e00000|  0%| F|  |TAMS 0x0000000436c00000, 0x0000000436c00000| Untracked 
|  66|0x0000000436e00000, 0x0000000436e00000, 0x0000000437000000|  0%| F|  |TAMS 0x0000000436e00000, 0x0000000436e00000| Untracked 
|  67|0x0000000437000000, 0x0000000437000000, 0x0000000437200000|  0%| F|  |TAMS 0x0000000437000000, 0x0000000437000000| Untracked 
|  68|0x0000000437200000, 0x0000000437200000, 0x0000000437400000|  0%| F|  |TAMS 0x0000000437200000, 0x0000000437200000| Untracked 
|  69|0x0000000437400000, 0x0000000437400000, 0x0000000437600000|  0%| F|  |TAMS 0x0000000437400000, 0x0000000437400000| Untracked 
|  70|0x0000000437600000, 0x0000000437600000, 0x0000000437800000|  0%| F|  |TAMS 0x0000000437600000, 0x0000000437600000| Untracked 
|  71|0x0000000437800000, 0x0000000437800000, 0x0000000437a00000|  0%| F|  |TAMS 0x0000000437800000, 0x0000000437800000| Untracked 
|  72|0x0000000437a00000, 0x0000000437a00000, 0x0000000437c00000|  0%| F|  |TAMS 0x0000000437a00000, 0x0000000437a00000| Untracked 
|  73|0x0000000437c00000, 0x0000000437c00000, 0x0000000437e00000|  0%| F|  |TAMS 0x0000000437c00000, 0x0000000437c00000| Untracked 
|  74|0x0000000437e00000, 0x0000000437e00000, 0x0000000438000000|  0%| F|  |TAMS 0x0000000437e00000, 0x0000000437e00000| Untracked 
|  75|0x0000000438000000, 0x0000000438000000, 0x0000000438200000|  0%| F|  |TAMS 0x0000000438000000, 0x0000000438000000| Untracked 
|  76|0x0000000438200000, 0x0000000438200000, 0x0000000438400000|  0%| F|  |TAMS 0x0000000438200000, 0x0000000438200000| Untracked 
|  77|0x0000000438400000, 0x0000000438400000, 0x0000000438600000|  0%| F|  |TAMS 0x0000000438400000, 0x0000000438400000| Untracked 
|  78|0x0000000438600000, 0x0000000438600000, 0x0000000438800000|  0%| F|  |TAMS 0x0000000438600000, 0x0000000438600000| Untracked 
|  79|0x0000000438800000, 0x0000000438800000, 0x0000000438a00000|  0%| F|  |TAMS 0x0000000438800000, 0x0000000438800000| Untracked 
|  80|0x0000000438a00000, 0x0000000438a00000, 0x0000000438c00000|  0%| F|  |TAMS 0x0000000438a00000, 0x0000000438a00000| Untracked 
|  81|0x0000000438c00000, 0x0000000438c00000, 0x0000000438e00000|  0%| F|  |TAMS 0x0000000438c00000, 0x0000000438c00000| Untracked 
|  82|0x0000000438e00000, 0x0000000438e00000, 0x0000000439000000|  0%| F|  |TAMS 0x0000000438e00000, 0x0000000438e00000| Untracked 
|  83|0x0000000439000000, 0x0000000439000000, 0x0000000439200000|  0%| F|  |TAMS 0x0000000439000000, 0x0000000439000000| Untracked 
|  84|0x0000000439200000, 0x0000000439200000, 0x0000000439400000|  0%| F|  |TAMS 0x0000000439200000, 0x0000000439200000| Untracked 
|  85|0x0000000439400000, 0x0000000439400000, 0x0000000439600000|  0%| F|  |TAMS 0x0000000439400000, 0x0000000439400000| Untracked 
|  86|0x0000000439600000, 0x0000000439600000, 0x0000000439800000|  0%| F|  |TAMS 0x0000000439600000, 0x0000000439600000| Untracked 
|  87|0x0000000439800000, 0x0000000439800000, 0x0000000439a00000|  0%| F|  |TAMS 0x0000000439800000, 0x0000000439800000| Untracked 
|  88|0x0000000439a00000, 0x0000000439a00000, 0x0000000439c00000|  0%| F|  |TAMS 0x0000000439a00000, 0x0000000439a00000| Untracked 
|  89|0x0000000439c00000, 0x0000000439c00000, 0x0000000439e00000|  0%| F|  |TAMS 0x0000000439c00000, 0x0000000439c00000| Untracked 
|  90|0x0000000439e00000, 0x0000000439e00000, 0x000000043a000000|  0%| F|  |TAMS 0x0000000439e00000, 0x0000000439e00000| Untracked 
|  91|0x000000043a000000, 0x000000043a000000, 0x000000043a200000|  0%| F|  |TAMS 0x000000043a000000, 0x000000043a000000| Untracked 
|  92|0x000000043a200000, 0x000000043a200000, 0x000000043a400000|  0%| F|  |TAMS 0x000000043a200000, 0x000000043a200000| Untracked 
|  93|0x000000043a400000, 0x000000043a400000, 0x000000043a600000|  0%| F|  |TAMS 0x000000043a400000, 0x000000043a400000| Untracked 
|  94|0x000000043a600000, 0x000000043a600000, 0x000000043a800000|  0%| F|  |TAMS 0x000000043a600000, 0x000000043a600000| Untracked 
|  95|0x000000043a800000, 0x000000043a800000, 0x000000043aa00000|  0%| F|  |TAMS 0x000000043a800000, 0x000000043a800000| Untracked 
|  96|0x000000043aa00000, 0x000000043aa00000, 0x000000043ac00000|  0%| F|  |TAMS 0x000000043aa00000, 0x000000043aa00000| Untracked 
|  97|0x000000043ac00000, 0x000000043ac00000, 0x000000043ae00000|  0%| F|  |TAMS 0x000000043ac00000, 0x000000043ac00000| Untracked 
|  98|0x000000043ae00000, 0x000000043ae00000, 0x000000043b000000|  0%| F|  |TAMS 0x000000043ae00000, 0x000000043ae00000| Untracked 
|  99|0x000000043b000000, 0x000000043b000000, 0x000000043b200000|  0%| F|  |TAMS 0x000000043b000000, 0x000000043b000000| Untracked 
| 100|0x000000043b200000, 0x000000043b200000, 0x000000043b400000|  0%| F|  |TAMS 0x000000043b200000, 0x000000043b200000| Untracked 
| 101|0x000000043b400000, 0x000000043b400000, 0x000000043b600000|  0%| F|  |TAMS 0x000000043b400000, 0x000000043b400000| Untracked 
| 102|0x000000043b600000, 0x000000043b600000, 0x000000043b800000|  0%| F|  |TAMS 0x000000043b600000, 0x000000043b600000| Untracked 
| 103|0x000000043b800000, 0x000000043b800000, 0x000000043ba00000|  0%| F|  |TAMS 0x000000043b800000, 0x000000043b800000| Untracked 
| 104|0x000000043ba00000, 0x000000043ba00000, 0x000000043bc00000|  0%| F|  |TAMS 0x000000043ba00000, 0x000000043ba00000| Untracked 
| 105|0x000000043bc00000, 0x000000043bc00000, 0x000000043be00000|  0%| F|  |TAMS 0x000000043bc00000, 0x000000043bc00000| Untracked 
| 106|0x000000043be00000, 0x000000043be00000, 0x000000043c000000|  0%| F|  |TAMS 0x000000043be00000, 0x000000043be00000| Untracked 
| 107|0x000000043c000000, 0x000000043c000000, 0x000000043c200000|  0%| F|  |TAMS 0x000000043c000000, 0x000000043c000000| Untracked 
| 108|0x000000043c200000, 0x000000043c200000, 0x000000043c400000|  0%| F|  |TAMS 0x000000043c200000, 0x000000043c200000| Untracked 
| 109|0x000000043c400000, 0x000000043c400000, 0x000000043c600000|  0%| F|  |TAMS 0x000000043c400000, 0x000000043c400000| Untracked 
| 110|0x000000043c600000, 0x000000043c600000, 0x000000043c800000|  0%| F|  |TAMS 0x000000043c600000, 0x000000043c600000| Untracked 
| 111|0x000000043c800000, 0x000000043c800000, 0x000000043ca00000|  0%| F|  |TAMS 0x000000043c800000, 0x000000043c800000| Untracked 
| 112|0x000000043ca00000, 0x000000043ca00000, 0x000000043cc00000|  0%| F|  |TAMS 0x000000043ca00000, 0x000000043ca00000| Untracked 
| 113|0x000000043cc00000, 0x000000043cc00000, 0x000000043ce00000|  0%| F|  |TAMS 0x000000043cc00000, 0x000000043cc00000| Untracked 
| 114|0x000000043ce00000, 0x000000043ce00000, 0x000000043d000000|  0%| F|  |TAMS 0x000000043ce00000, 0x000000043ce00000| Untracked 
| 115|0x000000043d000000, 0x000000043d000000, 0x000000043d200000|  0%| F|  |TAMS 0x000000043d000000, 0x000000043d000000| Untracked 
| 116|0x000000043d200000, 0x000000043d200000, 0x000000043d400000|  0%| F|  |TAMS 0x000000043d200000, 0x000000043d200000| Untracked 
| 117|0x000000043d400000, 0x000000043d400000, 0x000000043d600000|  0%| F|  |TAMS 0x000000043d400000, 0x000000043d400000| Untracked 
| 118|0x000000043d600000, 0x000000043d600000, 0x000000043d800000|  0%| F|  |TAMS 0x000000043d600000, 0x000000043d600000| Untracked 
| 119|0x000000043d800000, 0x000000043d800000, 0x000000043da00000|  0%| F|  |TAMS 0x000000043d800000, 0x000000043d800000| Untracked 
| 120|0x000000043da00000, 0x000000043da00000, 0x000000043dc00000|  0%| F|  |TAMS 0x000000043da00000, 0x000000043da00000| Untracked 
| 121|0x000000043dc00000, 0x000000043dc00000, 0x000000043de00000|  0%| F|  |TAMS 0x000000043dc00000, 0x000000043dc00000| Untracked 
| 122|0x000000043de00000, 0x000000043de00000, 0x000000043e000000|  0%| F|  |TAMS 0x000000043de00000, 0x000000043de00000| Untracked 
| 123|0x000000043e000000, 0x000000043e000000, 0x000000043e200000|  0%| F|  |TAMS 0x000000043e000000, 0x000000043e000000| Untracked 
| 124|0x000000043e200000, 0x000000043e200000, 0x000000043e400000|  0%| F|  |TAMS 0x000000043e200000, 0x000000043e200000| Untracked 
| 125|0x000000043e400000, 0x000000043e400000, 0x000000043e600000|  0%| F|  |TAMS 0x000000043e400000, 0x000000043e400000| Untracked 
| 126|0x000000043e600000, 0x000000043e600000, 0x000000043e800000|  0%| F|  |TAMS 0x000000043e600000, 0x000000043e600000| Untracked 
| 127|0x000000043e800000, 0x000000043e800000, 0x000000043ea00000|  0%| F|  |TAMS 0x000000043e800000, 0x000000043e800000| Untracked 
| 128|0x000000043ea00000, 0x000000043ea00000, 0x000000043ec00000|  0%| F|  |TAMS 0x000000043ea00000, 0x000000043ea00000| Untracked 
| 129|0x000000043ec00000, 0x000000043ec00000, 0x000000043ee00000|  0%| F|  |TAMS 0x000000043ec00000, 0x000000043ec00000| Untracked 
| 130|0x000000043ee00000, 0x000000043ee00000, 0x000000043f000000|  0%| F|  |TAMS 0x000000043ee00000, 0x000000043ee00000| Untracked 
| 131|0x000000043f000000, 0x000000043f000000, 0x000000043f200000|  0%| F|  |TAMS 0x000000043f000000, 0x000000043f000000| Untracked 
| 132|0x000000043f200000, 0x000000043f200000, 0x000000043f400000|  0%| F|  |TAMS 0x000000043f200000, 0x000000043f200000| Untracked 
| 133|0x000000043f400000, 0x000000043f400000, 0x000000043f600000|  0%| F|  |TAMS 0x000000043f400000, 0x000000043f400000| Untracked 
| 134|0x000000043f600000, 0x000000043f600000, 0x000000043f800000|  0%| F|  |TAMS 0x000000043f600000, 0x000000043f600000| Untracked 
| 135|0x000000043f800000, 0x000000043f800000, 0x000000043fa00000|  0%| F|  |TAMS 0x000000043f800000, 0x000000043f800000| Untracked 
| 136|0x000000043fa00000, 0x000000043fa00000, 0x000000043fc00000|  0%| F|  |TAMS 0x000000043fa00000, 0x000000043fa00000| Untracked 
| 137|0x000000043fc00000, 0x000000043fc00000, 0x000000043fe00000|  0%| F|  |TAMS 0x000000043fc00000, 0x000000043fc00000| Untracked 
| 138|0x000000043fe00000, 0x000000043fe00000, 0x0000000440000000|  0%| F|  |TAMS 0x000000043fe00000, 0x000000043fe00000| Untracked 
| 139|0x0000000440000000, 0x0000000440000000, 0x0000000440200000|  0%| F|  |TAMS 0x0000000440000000, 0x0000000440000000| Untracked 
| 140|0x0000000440200000, 0x0000000440200000, 0x0000000440400000|  0%| F|  |TAMS 0x0000000440200000, 0x0000000440200000| Untracked 
| 141|0x0000000440400000, 0x0000000440400000, 0x0000000440600000|  0%| F|  |TAMS 0x0000000440400000, 0x0000000440400000| Untracked 
| 142|0x0000000440600000, 0x0000000440600000, 0x0000000440800000|  0%| F|  |TAMS 0x0000000440600000, 0x0000000440600000| Untracked 
| 143|0x0000000440800000, 0x0000000440800000, 0x0000000440a00000|  0%| F|  |TAMS 0x0000000440800000, 0x0000000440800000| Untracked 
| 144|0x0000000440a00000, 0x0000000440a00000, 0x0000000440c00000|  0%| F|  |TAMS 0x0000000440a00000, 0x0000000440a00000| Untracked 
| 145|0x0000000440c00000, 0x0000000440c00000, 0x0000000440e00000|  0%| F|  |TAMS 0x0000000440c00000, 0x0000000440c00000| Untracked 
| 146|0x0000000440e00000, 0x0000000440e00000, 0x0000000441000000|  0%| F|  |TAMS 0x0000000440e00000, 0x0000000440e00000| Untracked 
| 147|0x0000000441000000, 0x0000000441000000, 0x0000000441200000|  0%| F|  |TAMS 0x0000000441000000, 0x0000000441000000| Untracked 
| 148|0x0000000441200000, 0x0000000441200000, 0x0000000441400000|  0%| F|  |TAMS 0x0000000441200000, 0x0000000441200000| Untracked 
| 149|0x0000000441400000, 0x0000000441400000, 0x0000000441600000|  0%| F|  |TAMS 0x0000000441400000, 0x0000000441400000| Untracked 
| 150|0x0000000441600000, 0x0000000441600000, 0x0000000441800000|  0%| F|  |TAMS 0x0000000441600000, 0x0000000441600000| Untracked 
| 151|0x0000000441800000, 0x0000000441800000, 0x0000000441a00000|  0%| F|  |TAMS 0x0000000441800000, 0x0000000441800000| Untracked 
| 152|0x0000000441a00000, 0x0000000441a00000, 0x0000000441c00000|  0%| F|  |TAMS 0x0000000441a00000, 0x0000000441a00000| Untracked 
| 153|0x0000000441c00000, 0x0000000441c00000, 0x0000000441e00000|  0%| F|  |TAMS 0x0000000441c00000, 0x0000000441c00000| Untracked 
| 154|0x0000000441e00000, 0x0000000441e00000, 0x0000000442000000|  0%| F|  |TAMS 0x0000000441e00000, 0x0000000441e00000| Untracked 
| 155|0x0000000442000000, 0x0000000442000000, 0x0000000442200000|  0%| F|  |TAMS 0x0000000442000000, 0x0000000442000000| Untracked 
| 156|0x0000000442200000, 0x0000000442200000, 0x0000000442400000|  0%| F|  |TAMS 0x0000000442200000, 0x0000000442200000| Untracked 
| 157|0x0000000442400000, 0x0000000442400000, 0x0000000442600000|  0%| F|  |TAMS 0x0000000442400000, 0x0000000442400000| Untracked 
| 158|0x0000000442600000, 0x0000000442600000, 0x0000000442800000|  0%| F|  |TAMS 0x0000000442600000, 0x0000000442600000| Untracked 
| 159|0x0000000442800000, 0x0000000442800000, 0x0000000442a00000|  0%| F|  |TAMS 0x0000000442800000, 0x0000000442800000| Untracked 
| 160|0x0000000442a00000, 0x0000000442a00000, 0x0000000442c00000|  0%| F|  |TAMS 0x0000000442a00000, 0x0000000442a00000| Untracked 
| 161|0x0000000442c00000, 0x0000000442c00000, 0x0000000442e00000|  0%| F|  |TAMS 0x0000000442c00000, 0x0000000442c00000| Untracked 
| 162|0x0000000442e00000, 0x0000000442e00000, 0x0000000443000000|  0%| F|  |TAMS 0x0000000442e00000, 0x0000000442e00000| Untracked 
| 163|0x0000000443000000, 0x0000000443000000, 0x0000000443200000|  0%| F|  |TAMS 0x0000000443000000, 0x0000000443000000| Untracked 
| 164|0x0000000443200000, 0x0000000443200000, 0x0000000443400000|  0%| F|  |TAMS 0x0000000443200000, 0x0000000443200000| Untracked 
| 165|0x0000000443400000, 0x0000000443400000, 0x0000000443600000|  0%| F|  |TAMS 0x0000000443400000, 0x0000000443400000| Untracked 
| 166|0x0000000443600000, 0x0000000443600000, 0x0000000443800000|  0%| F|  |TAMS 0x0000000443600000, 0x0000000443600000| Untracked 
| 167|0x0000000443800000, 0x0000000443800000, 0x0000000443a00000|  0%| F|  |TAMS 0x0000000443800000, 0x0000000443800000| Untracked 
| 168|0x0000000443a00000, 0x0000000443a00000, 0x0000000443c00000|  0%| F|  |TAMS 0x0000000443a00000, 0x0000000443a00000| Untracked 
| 169|0x0000000443c00000, 0x0000000443c00000, 0x0000000443e00000|  0%| F|  |TAMS 0x0000000443c00000, 0x0000000443c00000| Untracked 
| 170|0x0000000443e00000, 0x0000000443e00000, 0x0000000444000000|  0%| F|  |TAMS 0x0000000443e00000, 0x0000000443e00000| Untracked 
| 171|0x0000000444000000, 0x0000000444000000, 0x0000000444200000|  0%| F|  |TAMS 0x0000000444000000, 0x0000000444000000| Untracked 
| 172|0x0000000444200000, 0x0000000444200000, 0x0000000444400000|  0%| F|  |TAMS 0x0000000444200000, 0x0000000444200000| Untracked 
| 173|0x0000000444400000, 0x0000000444400000, 0x0000000444600000|  0%| F|  |TAMS 0x0000000444400000, 0x0000000444400000| Untracked 
| 174|0x0000000444600000, 0x0000000444600000, 0x0000000444800000|  0%| F|  |TAMS 0x0000000444600000, 0x0000000444600000| Untracked 
| 175|0x0000000444800000, 0x0000000444800000, 0x0000000444a00000|  0%| F|  |TAMS 0x0000000444800000, 0x0000000444800000| Untracked 
| 176|0x0000000444a00000, 0x0000000444a00000, 0x0000000444c00000|  0%| F|  |TAMS 0x0000000444a00000, 0x0000000444a00000| Untracked 
| 177|0x0000000444c00000, 0x0000000444c00000, 0x0000000444e00000|  0%| F|  |TAMS 0x0000000444c00000, 0x0000000444c00000| Untracked 
| 178|0x0000000444e00000, 0x0000000444e00000, 0x0000000445000000|  0%| F|  |TAMS 0x0000000444e00000, 0x0000000444e00000| Untracked 
| 179|0x0000000445000000, 0x0000000445000000, 0x0000000445200000|  0%| F|  |TAMS 0x0000000445000000, 0x0000000445000000| Untracked 
| 180|0x0000000445200000, 0x0000000445200000, 0x0000000445400000|  0%| F|  |TAMS 0x0000000445200000, 0x0000000445200000| Untracked 
| 181|0x0000000445400000, 0x0000000445400000, 0x0000000445600000|  0%| F|  |TAMS 0x0000000445400000, 0x0000000445400000| Untracked 
| 182|0x0000000445600000, 0x0000000445600000, 0x0000000445800000|  0%| F|  |TAMS 0x0000000445600000, 0x0000000445600000| Untracked 
| 183|0x0000000445800000, 0x0000000445800000, 0x0000000445a00000|  0%| F|  |TAMS 0x0000000445800000, 0x0000000445800000| Untracked 
| 184|0x0000000445a00000, 0x0000000445a00000, 0x0000000445c00000|  0%| F|  |TAMS 0x0000000445a00000, 0x0000000445a00000| Untracked 
| 185|0x0000000445c00000, 0x0000000445c00000, 0x0000000445e00000|  0%| F|  |TAMS 0x0000000445c00000, 0x0000000445c00000| Untracked 
| 186|0x0000000445e00000, 0x0000000445e00000, 0x0000000446000000|  0%| F|  |TAMS 0x0000000445e00000, 0x0000000445e00000| Untracked 
| 187|0x0000000446000000, 0x0000000446000000, 0x0000000446200000|  0%| F|  |TAMS 0x0000000446000000, 0x0000000446000000| Untracked 
| 188|0x0000000446200000, 0x0000000446200000, 0x0000000446400000|  0%| F|  |TAMS 0x0000000446200000, 0x0000000446200000| Untracked 
| 189|0x0000000446400000, 0x0000000446400000, 0x0000000446600000|  0%| F|  |TAMS 0x0000000446400000, 0x0000000446400000| Untracked 
| 190|0x0000000446600000, 0x0000000446600000, 0x0000000446800000|  0%| F|  |TAMS 0x0000000446600000, 0x0000000446600000| Untracked 
| 191|0x0000000446800000, 0x0000000446800000, 0x0000000446a00000|  0%| F|  |TAMS 0x0000000446800000, 0x0000000446800000| Untracked 
| 192|0x0000000446a00000, 0x0000000446a00000, 0x0000000446c00000|  0%| F|  |TAMS 0x0000000446a00000, 0x0000000446a00000| Untracked 
| 193|0x0000000446c00000, 0x0000000446c00000, 0x0000000446e00000|  0%| F|  |TAMS 0x0000000446c00000, 0x0000000446c00000| Untracked 
| 194|0x0000000446e00000, 0x0000000446e00000, 0x0000000447000000|  0%| F|  |TAMS 0x0000000446e00000, 0x0000000446e00000| Untracked 
| 195|0x0000000447000000, 0x0000000447000000, 0x0000000447200000|  0%| F|  |TAMS 0x0000000447000000, 0x0000000447000000| Untracked 
| 196|0x0000000447200000, 0x0000000447200000, 0x0000000447400000|  0%| F|  |TAMS 0x0000000447200000, 0x0000000447200000| Untracked 
| 197|0x0000000447400000, 0x0000000447400000, 0x0000000447600000|  0%| F|  |TAMS 0x0000000447400000, 0x0000000447400000| Untracked 
| 198|0x0000000447600000, 0x0000000447600000, 0x0000000447800000|  0%| F|  |TAMS 0x0000000447600000, 0x0000000447600000| Untracked 
| 199|0x0000000447800000, 0x0000000447800000, 0x0000000447a00000|  0%| F|  |TAMS 0x0000000447800000, 0x0000000447800000| Untracked 
| 200|0x0000000447a00000, 0x0000000447a00000, 0x0000000447c00000|  0%| F|  |TAMS 0x0000000447a00000, 0x0000000447a00000| Untracked 
| 201|0x0000000447c00000, 0x0000000447c00000, 0x0000000447e00000|  0%| F|  |TAMS 0x0000000447c00000, 0x0000000447c00000| Untracked 
| 202|0x0000000447e00000, 0x0000000447e00000, 0x0000000448000000|  0%| F|  |TAMS 0x0000000447e00000, 0x0000000447e00000| Untracked 
| 203|0x0000000448000000, 0x0000000448000000, 0x0000000448200000|  0%| F|  |TAMS 0x0000000448000000, 0x0000000448000000| Untracked 
| 204|0x0000000448200000, 0x0000000448200000, 0x0000000448400000|  0%| F|  |TAMS 0x0000000448200000, 0x0000000448200000| Untracked 
| 205|0x0000000448400000, 0x0000000448400000, 0x0000000448600000|  0%| F|  |TAMS 0x0000000448400000, 0x0000000448400000| Untracked 
| 206|0x0000000448600000, 0x0000000448600000, 0x0000000448800000|  0%| F|  |TAMS 0x0000000448600000, 0x0000000448600000| Untracked 
| 207|0x0000000448800000, 0x0000000448800000, 0x0000000448a00000|  0%| F|  |TAMS 0x0000000448800000, 0x0000000448800000| Untracked 
| 208|0x0000000448a00000, 0x0000000448a00000, 0x0000000448c00000|  0%| F|  |TAMS 0x0000000448a00000, 0x0000000448a00000| Untracked 
| 209|0x0000000448c00000, 0x0000000448c00000, 0x0000000448e00000|  0%| F|  |TAMS 0x0000000448c00000, 0x0000000448c00000| Untracked 
| 210|0x0000000448e00000, 0x0000000448e00000, 0x0000000449000000|  0%| F|  |TAMS 0x0000000448e00000, 0x0000000448e00000| Untracked 
| 211|0x0000000449000000, 0x0000000449000000, 0x0000000449200000|  0%| F|  |TAMS 0x0000000449000000, 0x0000000449000000| Untracked 
| 212|0x0000000449200000, 0x0000000449200000, 0x0000000449400000|  0%| F|  |TAMS 0x0000000449200000, 0x0000000449200000| Untracked 
| 213|0x0000000449400000, 0x0000000449400000, 0x0000000449600000|  0%| F|  |TAMS 0x0000000449400000, 0x0000000449400000| Untracked 
| 214|0x0000000449600000, 0x0000000449600000, 0x0000000449800000|  0%| F|  |TAMS 0x0000000449600000, 0x0000000449600000| Untracked 
| 215|0x0000000449800000, 0x0000000449800000, 0x0000000449a00000|  0%| F|  |TAMS 0x0000000449800000, 0x0000000449800000| Untracked 
| 216|0x0000000449a00000, 0x0000000449a00000, 0x0000000449c00000|  0%| F|  |TAMS 0x0000000449a00000, 0x0000000449a00000| Untracked 
| 217|0x0000000449c00000, 0x0000000449c00000, 0x0000000449e00000|  0%| F|  |TAMS 0x0000000449c00000, 0x0000000449c00000| Untracked 
| 218|0x0000000449e00000, 0x0000000449e00000, 0x000000044a000000|  0%| F|  |TAMS 0x0000000449e00000, 0x0000000449e00000| Untracked 
| 219|0x000000044a000000, 0x000000044a000000, 0x000000044a200000|  0%| F|  |TAMS 0x000000044a000000, 0x000000044a000000| Untracked 
| 220|0x000000044a200000, 0x000000044a200000, 0x000000044a400000|  0%| F|  |TAMS 0x000000044a200000, 0x000000044a200000| Untracked 
| 221|0x000000044a400000, 0x000000044a400000, 0x000000044a600000|  0%| F|  |TAMS 0x000000044a400000, 0x000000044a400000| Untracked 
| 222|0x000000044a600000, 0x000000044a600000, 0x000000044a800000|  0%| F|  |TAMS 0x000000044a600000, 0x000000044a600000| Untracked 
| 223|0x000000044a800000, 0x000000044a800000, 0x000000044aa00000|  0%| F|  |TAMS 0x000000044a800000, 0x000000044a800000| Untracked 
| 224|0x000000044aa00000, 0x000000044aa00000, 0x000000044ac00000|  0%| F|  |TAMS 0x000000044aa00000, 0x000000044aa00000| Untracked 
| 225|0x000000044ac00000, 0x000000044ac00000, 0x000000044ae00000|  0%| F|  |TAMS 0x000000044ac00000, 0x000000044ac00000| Untracked 
| 226|0x000000044ae00000, 0x000000044ae00000, 0x000000044b000000|  0%| F|  |TAMS 0x000000044ae00000, 0x000000044ae00000| Untracked 
| 227|0x000000044b000000, 0x000000044b000000, 0x000000044b200000|  0%| F|  |TAMS 0x000000044b000000, 0x000000044b000000| Untracked 
| 228|0x000000044b200000, 0x000000044b200000, 0x000000044b400000|  0%| F|  |TAMS 0x000000044b200000, 0x000000044b200000| Untracked 
| 229|0x000000044b400000, 0x000000044b400000, 0x000000044b600000|  0%| F|  |TAMS 0x000000044b400000, 0x000000044b400000| Untracked 
| 230|0x000000044b600000, 0x000000044b600000, 0x000000044b800000|  0%| F|  |TAMS 0x000000044b600000, 0x000000044b600000| Untracked 
| 231|0x000000044b800000, 0x000000044b800000, 0x000000044ba00000|  0%| F|  |TAMS 0x000000044b800000, 0x000000044b800000| Untracked 
| 232|0x000000044ba00000, 0x000000044ba00000, 0x000000044bc00000|  0%| F|  |TAMS 0x000000044ba00000, 0x000000044ba00000| Untracked 
| 233|0x000000044bc00000, 0x000000044bc00000, 0x000000044be00000|  0%| F|  |TAMS 0x000000044bc00000, 0x000000044bc00000| Untracked 
| 234|0x000000044be00000, 0x000000044be00000, 0x000000044c000000|  0%| F|  |TAMS 0x000000044be00000, 0x000000044be00000| Untracked 
| 235|0x000000044c000000, 0x000000044c200000, 0x000000044c200000|100%| E|  |TAMS 0x000000044c000000, 0x000000044c000000| Complete 
| 236|0x000000044c200000, 0x000000044c400000, 0x000000044c400000|100%| E|CS|TAMS 0x000000044c200000, 0x000000044c200000| Complete 
| 237|0x000000044c400000, 0x000000044c600000, 0x000000044c600000|100%| E|CS|TAMS 0x000000044c400000, 0x000000044c400000| Complete 
| 238|0x000000044c600000, 0x000000044c800000, 0x000000044c800000|100%| E|CS|TAMS 0x000000044c600000, 0x000000044c600000| Complete 
| 239|0x000000044c800000, 0x000000044ca00000, 0x000000044ca00000|100%| S|CS|TAMS 0x000000044c800000, 0x000000044c800000| Complete 
| 240|0x000000044ca00000, 0x000000044cc00000, 0x000000044cc00000|100%| S|CS|TAMS 0x000000044ca00000, 0x000000044ca00000| Complete 
| 241|0x000000044cc00000, 0x000000044ce00000, 0x000000044ce00000|100%| E|CS|TAMS 0x000000044cc00000, 0x000000044cc00000| Complete 
| 242|0x000000044ce00000, 0x000000044d000000, 0x000000044d000000|100%| E|CS|TAMS 0x000000044ce00000, 0x000000044ce00000| Complete 
| 243|0x000000044d000000, 0x000000044d200000, 0x000000044d200000|100%| E|CS|TAMS 0x000000044d000000, 0x000000044d000000| Complete 
| 244|0x000000044d200000, 0x000000044d400000, 0x000000044d400000|100%| E|CS|TAMS 0x000000044d200000, 0x000000044d200000| Complete 
| 245|0x000000044d400000, 0x000000044d600000, 0x000000044d600000|100%| E|CS|TAMS 0x000000044d400000, 0x000000044d400000| Complete 
| 246|0x000000044d600000, 0x000000044d800000, 0x000000044d800000|100%| E|CS|TAMS 0x000000044d600000, 0x000000044d600000| Complete 
| 247|0x000000044d800000, 0x000000044da00000, 0x000000044da00000|100%| E|CS|TAMS 0x000000044d800000, 0x000000044d800000| Complete 
| 248|0x000000044da00000, 0x000000044dc00000, 0x000000044dc00000|100%| E|CS|TAMS 0x000000044da00000, 0x000000044da00000| Complete 
| 249|0x000000044dc00000, 0x000000044de00000, 0x000000044de00000|100%| E|CS|TAMS 0x000000044dc00000, 0x000000044dc00000| Complete 
| 250|0x000000044de00000, 0x000000044e000000, 0x000000044e000000|100%| E|CS|TAMS 0x000000044de00000, 0x000000044de00000| Complete 
| 251|0x000000044e000000, 0x000000044e200000, 0x000000044e200000|100%| E|CS|TAMS 0x000000044e000000, 0x000000044e000000| Complete 
| 252|0x000000044e200000, 0x000000044e400000, 0x000000044e400000|100%| E|CS|TAMS 0x000000044e200000, 0x000000044e200000| Complete 

Card table byte_map: [0x000001dfe8480000,0x000001dfe9450000] _byte_map_base: 0x000001dfe630b000

Marking Bits (Prev, Next): (CMBitMap*) 0x000001dfd27e47f8, (CMBitMap*) 0x000001dfd27e4830
 Prev Bits: [0x000001dfea420000, 0x000001dff22a0000)
 Next Bits: [0x000001dff22a0000, 0x000001dffa120000)

Polling page: 0x000001dfd2600000

Metaspace:

Usage:
  Non-class:     14.27 MB capacity,    14.09 MB ( 99%) used,   158.99 KB (  1%) free+waste,    24.19 KB ( <1%) overhead. 
      Class:      1.94 MB capacity,     1.80 MB ( 93%) used,   127.78 KB (  6%) free+waste,    12.00 KB ( <1%) overhead. 
       Both:     16.21 MB capacity,    15.90 MB ( 98%) used,   286.77 KB (  2%) free+waste,    36.19 KB ( <1%) overhead. 

Virtual space:
  Non-class space:       16.00 MB reserved,      14.50 MB ( 91%) committed 
      Class space:        1.00 GB reserved,       2.00 MB ( <1%) committed 
             Both:        1.02 GB reserved,      16.50 MB (  2%) committed 

Chunk freelists:
   Non-Class:  40.00 KB
       Class:  29.00 KB
        Both:  69.00 KB

MaxMetaspaceSize: 17179869184.00 GB
CompressedClassSpaceSize: 1.00 GB
Initial GC threshold: 20.80 MB
Current GC threshold: 20.80 MB
CDS: off

CodeHeap 'non-profiled nmethods': size=120000Kb used=680Kb max_used=680Kb free=119319Kb
 bounds [0x000001dfdf510000, 0x000001dfdf780000, 0x000001dfe6a40000]
CodeHeap 'profiled nmethods': size=120000Kb used=3008Kb max_used=3008Kb free=116991Kb
 bounds [0x000001dfd7fe0000, 0x000001dfd82e0000, 0x000001dfdf510000]
CodeHeap 'non-nmethods': size=5760Kb used=1170Kb max_used=1194Kb free=4590Kb
 bounds [0x000001dfd7a40000, 0x000001dfd7cb0000, 0x000001dfd7fe0000]
 total_blobs=1999 nmethods=1570 adapters=342
 compilation: enabled
              stopped_count=0, restarted_count=0
 full_count=0

Compilation events (20 events):
Event: 75.043 Thread 0x000001dffd65b800 1553       4       java.util.LinkedHashMap$LinkedHashIterator::hasNext (13 bytes)
Event: 75.044 Thread 0x000001dffd65b800 nmethod 1553 0x000001dfdf5b9590 code [0x000001dfdf5b9720, 0x000001dfdf5b9798]
Event: 104.706 Thread 0x000001dffd65b800 1554       4       org.gradle.internal.logging.sink.OutputEventTransformer::onOutput (399 bytes)
Event: 104.746 Thread 0x000001dffd65e800 1555       1       org.gradle.internal.logging.text.AbstractLineChoppingStyledTextOutput$SeenFromEol::size (5 bytes)
Event: 104.746 Thread 0x000001dffd65e800 nmethod 1555 0x000001dfdf5b9890 code [0x000001dfdf5b9a40, 0x000001dfdf5b9af8]
Event: 104.746 Thread 0x000001dffd65e800 1556       3       java.nio.ByteBuffer::arrayOffset (35 bytes)
Event: 104.747 Thread 0x000001dffd65e800 nmethod 1556 0x000001dfd82c9a90 code [0x000001dfd82c9c60, 0x000001dfd82c9f18]
Event: 104.747 Thread 0x000001dffd65e800 1557       1       org.gradle.internal.logging.text.AbstractLineChoppingStyledTextOutput$StateContext::access$000 (5 bytes)
Event: 104.747 Thread 0x000001dffd65e800 nmethod 1557 0x000001dfdf5b9b90 code [0x000001dfdf5b9d40, 0x000001dfdf5b9dd8]
Event: 104.749 Thread 0x000001dffd65e800 1558       1       org.gradle.internal.logging.text.AbstractLineChoppingStyledTextOutput$StateContext::access$500 (5 bytes)
Event: 104.749 Thread 0x000001dffd65e800 nmethod 1558 0x000001dfdf5b9e90 code [0x000001dfdf5ba040, 0x000001dfdf5ba0d8]
Event: 104.749 Thread 0x000001dffd65e800 1559       3       org.gradle.internal.logging.text.AbstractLineChoppingStyledTextOutput$StateContext::isCurrentCharEquals (70 bytes)
Event: 104.750 Thread 0x000001dffd65e800 nmethod 1559 0x000001dfd82ca090 code [0x000001dfd82ca2c0, 0x000001dfd82ca9d8]
Event: 104.750 Thread 0x000001dffd65e800 1560       3       org.gradle.internal.logging.text.AbstractLineChoppingStyledTextOutput$StateContext::hasChar (25 bytes)
Event: 104.750 Thread 0x000001dffd65e800 nmethod 1560 0x000001dfd82cad10 code [0x000001dfd82caec0, 0x000001dfd82cb058]
Event: 104.750 Thread 0x000001dffd65e800 1561       3       org.gradle.internal.logging.text.AbstractLineChoppingStyledTextOutput$StateContext::setState (10 bytes)
Event: 104.751 Thread 0x000001dffd65e800 nmethod 1561 0x000001dfd82cb110 code [0x000001dfd82cb2c0, 0x000001dfd82cb478]
Event: 104.751 Thread 0x000001dffd65e800 1562       3       org.gradle.internal.logging.text.AbstractLineChoppingStyledTextOutput$1::execute (9 bytes)
Event: 104.751 Thread 0x000001dffd65e800 nmethod 1562 0x000001dfd82cb590 code [0x000001dfd82cb760, 0x000001dfd82cb988]
Event: 104.751 Thread 0x000001dffd65e800 1563       3       org.gradle.internal.logging.text.AbstractLineChoppingStyledTextOutput$1::execute (140 bytes)

GC Heap History (2 events):
Event: 7.207 GC heap before
{Heap before GC invocations=0 (full 0):
 garbage-first heap   total 518144K, used 30720K [0x000000042ea00000, 0x0000000628a00000)
  region size 2048K, 12 young (24576K), 0 survivors (0K)
 Metaspace       used 10357K, capacity 10566K, committed 10624K, reserved 1058816K
  class space    used 1074K, capacity 1140K, committed 1152K, reserved 1048576K
}
Event: 7.212 GC heap after
{Heap after GC invocations=1 (full 0):
 garbage-first heap   total 518144K, used 10315K [0x000000042ea00000, 0x0000000628a00000)
  region size 2048K, 2 young (4096K), 2 survivors (4096K)
 Metaspace       used 10357K, capacity 10566K, committed 10624K, reserved 1058816K
  class space    used 1074K, capacity 1140K, committed 1152K, reserved 1048576K
}

Deoptimization events (20 events):
Event: 104.705 Thread 0x000001dfd2763800 Uncommon trap: trap_request=0xffffff4d fr.pc=0x000001dfdf5ae9c0 relative=0x0000000000000360
Event: 104.705 Thread 0x000001dfd2763800 Uncommon trap: reason=unstable_if action=reinterpret pc=0x000001dfdf5ae9c0 method=org.gradle.internal.logging.sink.OutputEventRenderer.onOutput(Lorg/gradle/internal/logging/events/OutputEvent;)V @ 24 c2
Event: 104.705 Thread 0x000001dfd2763800 DEOPT PACKING pc=0x000001dfdf5ae9c0 sp=0x000000077cffcb90
Event: 104.705 Thread 0x000001dfd2763800 DEOPT UNPACKING pc=0x000001dfd7a8a1af sp=0x000000077cffcb58 mode 2
Event: 104.705 Thread 0x000001dfd2763800 Uncommon trap: trap_request=0xffffffde fr.pc=0x000001dfdf5ace08 relative=0x00000000000010e8
Event: 104.705 Thread 0x000001dfd2763800 Uncommon trap: reason=class_check action=maybe_recompile pc=0x000001dfdf5ace08 method=org.gradle.internal.logging.sink.OutputEventTransformer.onOutput(Lorg/gradle/internal/logging/events/OutputEvent;)V @ 287 c2
Event: 104.705 Thread 0x000001dfd2763800 DEOPT PACKING pc=0x000001dfdf5ace08 sp=0x000000077cffcb10
Event: 104.705 Thread 0x000001dfd2763800 DEOPT UNPACKING pc=0x000001dfd7a8a1af sp=0x000000077cffcab8 mode 2
Event: 104.705 Thread 0x000001dfd2763800 Uncommon trap: trap_request=0xffffffde fr.pc=0x000001dfdf5ace08 relative=0x00000000000010e8
Event: 104.705 Thread 0x000001dfd2763800 Uncommon trap: reason=class_check action=maybe_recompile pc=0x000001dfdf5ace08 method=org.gradle.internal.logging.sink.OutputEventTransformer.onOutput(Lorg/gradle/internal/logging/events/OutputEvent;)V @ 287 c2
Event: 104.706 Thread 0x000001dfd2763800 DEOPT PACKING pc=0x000001dfdf5ace08 sp=0x000000077cffcb20
Event: 104.706 Thread 0x000001dfd2763800 DEOPT UNPACKING pc=0x000001dfd7a8a1af sp=0x000000077cffcac8 mode 2
Event: 104.706 Thread 0x000001dfd2763800 Uncommon trap: trap_request=0xffffffde fr.pc=0x000001dfdf5ace08 relative=0x00000000000010e8
Event: 104.706 Thread 0x000001dfd2763800 Uncommon trap: reason=class_check action=maybe_recompile pc=0x000001dfdf5ace08 method=org.gradle.internal.logging.sink.OutputEventTransformer.onOutput(Lorg/gradle/internal/logging/events/OutputEvent;)V @ 287 c2
Event: 104.706 Thread 0x000001dfd2763800 DEOPT PACKING pc=0x000001dfdf5ace08 sp=0x000000077cffcb20
Event: 104.706 Thread 0x000001dfd2763800 DEOPT UNPACKING pc=0x000001dfd7a8a1af sp=0x000000077cffcac8 mode 2
Event: 104.739 Thread 0x000001dffd7ce000 Uncommon trap: trap_request=0xffffff4d fr.pc=0x000001dfdf5a0d9c relative=0x0000000000000bdc
Event: 104.745 Thread 0x000001dffd7ce000 Uncommon trap: reason=unstable_if action=reinterpret pc=0x000001dfdf5a0d9c method=org.gradle.internal.logging.console.BuildLogLevelFilterRenderer.onOutput(Lorg/gradle/internal/logging/events/OutputEvent;)V @ 18 c2
Event: 104.745 Thread 0x000001dffd7ce000 DEOPT PACKING pc=0x000001dfdf5a0d9c sp=0x000000077e8fed10
Event: 104.745 Thread 0x000001dffd7ce000 DEOPT UNPACKING pc=0x000001dfd7a8a1af sp=0x000000077e8febc0 mode 2

Classes redefined (0 events):
No events

Internal exceptions (17 events):
Event: 0.284 Thread 0x000001dfd2763800 Exception <a 'java/lang/NoSuchMethodError'{0x000000044e00eca8}: 'int java.lang.invoke.DirectMethodHandle$Holder.invokeSpecialIFC(java.lang.Object, java.lang.Object, int)'> (0x000000044e00eca8) thrown at [./src/hotspot/share/interpreter/linkResolver.cpp, line 773]
Event: 0.466 Thread 0x000001dfd2763800 Exception <a 'java/lang/NoSuchMethodError'{0x000000044e194758}: 'int java.lang.invoke.DirectMethodHandle$Holder.invokeStaticInit(java.lang.Object, java.lang.Object)'> (0x000000044e194758) thrown at [./src/hotspot/share/interpreter/linkResolver.cpp, line 773]
Event: 0.537 Thread 0x000001dfd2763800 Exception <a 'java/lang/NoSuchMethodError'{0x000000044de5ec60}: 'int java.lang.invoke.DirectMethodHandle$Holder.invokeSpecial(java.lang.Object, java.lang.Object, java.lang.Object, java.lang.Object)'> (0x000000044de5ec60) thrown at [./src/hotspot/share/interpreter/linkResolver.cpp, line 773]
Event: 7.125 Thread 0x000001dfd2763800 Implicit null exception at 0x000001dfdf555375 to 0x000001dfdf555568
Event: 7.154 Thread 0x000001dfd2763800 Exception <a 'java/lang/NoClassDefFoundError'{0x000000044ccc3618}: org/slf4j/impl/StaticMarkerBinder> (0x000000044ccc3618) thrown at [./src/hotspot/share/classfile/systemDictionary.cpp, line 220]
Event: 7.190 Thread 0x000001dfd2763800 Exception <a 'java/lang/NoSuchMethodError'{0x000000044cdb8fc8}: 'java.lang.Object java.lang.invoke.DirectMethodHandle$Holder.invokeVirtual(java.lang.Object, java.lang.Object, java.lang.Object, java.lang.Object, java.lang.Object, java.lang.Object, java.lang.Object)'> (0x000000044cdb8fc8) thrown at [./src/hotspot/share/interpreter/linkResolver.cpp, line 773]
Event: 7.195 Thread 0x000001dfd2763800 Exception <a 'java/lang/NoSuchMethodError'{0x000000044cdcca50}: 'java.lang.Object java.lang.invoke.Invokers$Holder.invoker(java.lang.Object, java.lang.Object, java.lang.Object)'> (0x000000044cdcca50) thrown at [./src/hotspot/share/interpreter/linkResolver.cpp, line 773]
Event: 7.199 Thread 0x000001dfd2763800 Exception <a 'java/lang/NoSuchMethodError'{0x000000044cddd6d0}: 'void java.lang.invoke.DelegatingMethodHandle$Holder.delegate(java.lang.Object, java.lang.Object, int, java.lang.Object)'> (0x000000044cddd6d0) thrown at [./src/hotspot/share/interpreter/linkResolver.cpp, line 773]
Event: 7.426 Thread 0x000001dfd2763800 Exception <a 'java/lang/NoSuchMethodError'{0x000000044dc971c8}: 'java.lang.Object java.lang.invoke.DirectMethodHandle$Holder.invokeInterface(java.lang.Object, java.lang.Object, java.lang.Object)'> (0x000000044dc971c8) thrown at [./src/hotspot/share/interpreter/linkResolver.cpp, line 773]
Event: 7.520 Thread 0x000001dfd2763800 Exception <a 'java/lang/NoSuchMethodError'{0x000000044db35248}: 'java.lang.Object java.lang.invoke.DirectMethodHandle$Holder.invokeStaticInit(java.lang.Object, java.lang.Object, java.lang.Object)'> (0x000000044db35248) thrown at [./src/hotspot/share/interpreter/linkResolver.cpp, line 773]
Event: 7.639 Thread 0x000001dfd2763800 Exception <a 'java/lang/NoSuchMethodError'{0x000000044d405840}: 'java.lang.Object java.lang.invoke.DirectMethodHandle$Holder.invokeStaticInit(java.lang.Object, int, int, int, int)'> (0x000000044d405840) thrown at [./src/hotspot/share/interpreter/linkResolver.cpp, line 773]
Event: 7.905 Thread 0x000001dfd2763800 Exception <a 'java/lang/NoSuchMethodError'{0x000000044d4e01a0}: 'java.lang.Object java.lang.invoke.DirectMethodHandle$Holder.invokeStaticInit(java.lang.Object, java.lang.Object, int, int, int, int)'> (0x000000044d4e01a0) thrown at [./src/hotspot/share/interpreter/linkResolver.cpp, line 773]
Event: 8.521 Thread 0x000001dffd7cf800 Exception <a 'java/lang/NoSuchMethodError'{0x000000044c60cce0}: 'void java.lang.invoke.DirectMethodHandle$Holder.invokeStatic(java.lang.Object, long)'> (0x000000044c60cce0) thrown at [./src/hotspot/share/interpreter/linkResolver.cpp, line 773]
Event: 8.522 Thread 0x000001dffd7cf800 Exception <a 'java/lang/NoSuchMethodError'{0x000000044c611c48}: 'java.lang.Object java.lang.invoke.DirectMethodHandle$Holder.invokeStatic(java.lang.Object, long)'> (0x000000044c611c48) thrown at [./src/hotspot/share/interpreter/linkResolver.cpp, line 773]
Event: 8.525 Thread 0x000001dffd7cf800 Exception <a 'java/lang/NoSuchMethodError'{0x000000044c61fce8}: 'java.lang.Object java.lang.invoke.DirectMethodHandle$Holder.invokeStaticInit(java.lang.Object, java.lang.Object, long, java.lang.Object)'> (0x000000044c61fce8) thrown at [./src/hotspot/share/interpreter/linkResolver.cpp, line 773]
Event: 8.526 Thread 0x000001dffd7cf800 Exception <a 'java/lang/NoSuchMethodError'{0x000000044c625c10}: 'java.lang.Object java.lang.invoke.DirectMethodHandle$Holder.invokeStatic(java.lang.Object, java.lang.Object, long)'> (0x000000044c625c10) thrown at [./src/hotspot/share/interpreter/linkResolver.cpp, line 773]
Event: 8.527 Thread 0x000001dffd7cf800 Exception <a 'java/lang/NoSuchMethodError'{0x000000044c62bee0}: 'java.lang.Object java.lang.invoke.Invokers$Holder.linkToTargetMethod(java.lang.Object, long, java.lang.Object)'> (0x000000044c62bee0) thrown at [./src/hotspot/share/interpreter/linkResolver.cpp, line 773]

Events (20 events):
Event: 30.041 loading class jdk/internal/reflect/Label
Event: 30.042 loading class jdk/internal/reflect/Label done
Event: 30.042 loading class jdk/internal/reflect/Label$PatchInfo
Event: 30.042 loading class jdk/internal/reflect/Label$PatchInfo done
Event: 30.042 loading class jdk/internal/reflect/MethodAccessorGenerator$1
Event: 30.042 loading class jdk/internal/reflect/MethodAccessorGenerator$1 done
Event: 30.042 loading class jdk/internal/reflect/ClassDefiner
Event: 30.042 loading class jdk/internal/reflect/ClassDefiner done
Event: 30.042 loading class jdk/internal/reflect/ClassDefiner$1
Event: 30.042 loading class jdk/internal/reflect/ClassDefiner$1 done
Event: 104.703 loading class org/gradle/internal/logging/events/StyledTextOutputEvent$Span
Event: 104.703 loading class org/gradle/internal/logging/events/StyledTextOutputEvent$Span done
Event: 104.704 loading class org/gradle/internal/logging/events/operations/StyledTextBuildOperationProgressDetails$Span
Event: 104.704 loading class org/gradle/internal/logging/events/operations/StyledTextBuildOperationProgressDetails$Span done
Event: 104.704 loading class org/gradle/internal/operations/logging/StyledTextBuildOperationProgressDetails$Span
Event: 104.704 loading class org/gradle/internal/operations/logging/StyledTextBuildOperationProgressDetails$Span done
Event: 104.704 Executing VM operation: RevokeBias
Event: 104.704 Executing VM operation: RevokeBias done
Event: 104.745 loading class org/gradle/internal/logging/text/AbstractLineChoppingStyledTextOutput$StateContext
Event: 104.745 loading class org/gradle/internal/logging/text/AbstractLineChoppingStyledTextOutput$StateContext done


Dynamic libraries:
0x00007ff7a8f90000 - 0x00007ff7a8f9a000 	F:\Programs\Android\Android Studio\jre\bin\java.exe
0x00007ffdf3670000 - 0x00007ffdf3868000 	C:\Windows\SYSTEM32\ntdll.dll
0x00007ffdf16d0000 - 0x00007ffdf178d000 	C:\Windows\System32\KERNEL32.DLL
0x00007ffdf1350000 - 0x00007ffdf161e000 	C:\Windows\System32\KERNELBASE.dll
0x00007ffdf0fc0000 - 0x00007ffdf10c0000 	C:\Windows\System32\ucrtbase.dll
0x00007ffdeba60000 - 0x00007ffdeba77000 	F:\Programs\Android\Android Studio\jre\bin\VCRUNTIME140.dll
0x00007ffde7bd0000 - 0x00007ffde7be9000 	F:\Programs\Android\Android Studio\jre\bin\jli.dll
0x00007ffdf21e0000 - 0x00007ffdf2380000 	C:\Windows\System32\USER32.dll
0x00007ffddc4f0000 - 0x00007ffddc78a000 	C:\Windows\WinSxS\amd64_microsoft.windows.common-controls_6595b64144ccf1df_6.0.19041.1110_none_60b5254171f9507e\COMCTL32.dll
0x00007ffdf0d90000 - 0x00007ffdf0db2000 	C:\Windows\System32\win32u.dll
0x00007ffdf2440000 - 0x00007ffdf24de000 	C:\Windows\System32\msvcrt.dll
0x00007ffdf2710000 - 0x00007ffdf273a000 	C:\Windows\System32\GDI32.dll
0x00007ffdf1140000 - 0x00007ffdf124b000 	C:\Windows\System32\gdi32full.dll
0x00007ffdf0dc0000 - 0x00007ffdf0e5d000 	C:\Windows\System32\msvcp_win.dll
0x00007ffdf20d0000 - 0x00007ffdf2100000 	C:\Windows\System32\IMM32.DLL
0x00007ffdd2320000 - 0x00007ffdd23bd000 	F:\Programs\Android\Android Studio\jre\bin\msvcp140.dll
0x00007ffd85af0000 - 0x00007ffd865d5000 	F:\Programs\Android\Android Studio\jre\bin\server\jvm.dll
0x00007ffdf2380000 - 0x00007ffdf242e000 	C:\Windows\System32\ADVAPI32.dll
0x00007ffdf2c90000 - 0x00007ffdf2d2c000 	C:\Windows\System32\sechost.dll
0x00007ffdf2f00000 - 0x00007ffdf3025000 	C:\Windows\System32\RPCRT4.dll
0x00007ffdf2430000 - 0x00007ffdf2438000 	C:\Windows\System32\PSAPI.DLL
0x00007ffddcf20000 - 0x00007ffddcf29000 	C:\Windows\SYSTEM32\WSOCK32.dll
0x00007ffde7b30000 - 0x00007ffde7b57000 	C:\Windows\SYSTEM32\WINMM.dll
0x00007ffde9c30000 - 0x00007ffde9c3a000 	C:\Windows\SYSTEM32\VERSION.dll
0x00007ffdf2de0000 - 0x00007ffdf2e4b000 	C:\Windows\System32\WS2_32.dll
0x00007ffdef630000 - 0x00007ffdef642000 	C:\Windows\SYSTEM32\kernel.appcore.dll
0x00007ffdc3ed0000 - 0x00007ffdc3ee1000 	F:\Programs\Android\Android Studio\jre\bin\verify.dll
0x00007ffddc000000 - 0x00007ffddc1e4000 	C:\Windows\SYSTEM32\DBGHELP.DLL
0x00007ffddb7b0000 - 0x00007ffddb7dc000 	C:\Windows\SYSTEM32\dbgcore.DLL
0x00007ffdf12c0000 - 0x00007ffdf1342000 	C:\Windows\System32\bcryptPrimitives.dll
0x00007ffdb7800000 - 0x00007ffdb7829000 	F:\Programs\Android\Android Studio\jre\bin\java.dll
0x00007ffdd00e0000 - 0x00007ffdd00eb000 	F:\Programs\Android\Android Studio\jre\bin\jimage.dll
0x00007ffdc3790000 - 0x00007ffdc37a8000 	F:\Programs\Android\Android Studio\jre\bin\zip.dll
0x00007ffdf1800000 - 0x00007ffdf1f44000 	C:\Windows\System32\SHELL32.dll
0x00007ffdeede0000 - 0x00007ffdef574000 	C:\Windows\SYSTEM32\windows.storage.dll
0x00007ffdf30c0000 - 0x00007ffdf3414000 	C:\Windows\System32\combase.dll
0x00007ffdf0710000 - 0x00007ffdf0740000 	C:\Windows\SYSTEM32\Wldp.dll
0x00007ffdf2e50000 - 0x00007ffdf2efd000 	C:\Windows\System32\SHCORE.dll
0x00007ffdf1790000 - 0x00007ffdf17e5000 	C:\Windows\System32\shlwapi.dll
0x00007ffdf0cd0000 - 0x00007ffdf0cef000 	C:\Windows\SYSTEM32\profapi.dll
0x00007ffdc11b0000 - 0x00007ffdc11ca000 	F:\Programs\Android\Android Studio\jre\bin\net.dll
0x00007ffde76f0000 - 0x00007ffde77fa000 	C:\Windows\SYSTEM32\WINHTTP.dll
0x00007ffdf04f0000 - 0x00007ffdf055a000 	C:\Windows\system32\mswsock.dll
0x00007ffdc0750000 - 0x00007ffdc0764000 	F:\Programs\Android\Android Studio\jre\bin\nio.dll
0x00007ffddb5c0000 - 0x00007ffddb5e7000 	C:\Users\hoang\.gradle\native\e1d6ef7f7dcc3fd88c89a11ec53ec762bb8ba0a96d01ffa2cd45eb1d1d8dd5c5\windows-amd64\native-platform.dll
0x00007ffdd0f70000 - 0x00007ffdd0f7a000 	F:\Programs\Android\Android Studio\jre\bin\management.dll
0x00007ffdd0f60000 - 0x00007ffdd0f6d000 	F:\Programs\Android\Android Studio\jre\bin\management_ext.dll
0x00007ffdf0750000 - 0x00007ffdf0768000 	C:\Windows\SYSTEM32\CRYPTSP.dll
0x00007ffdefe20000 - 0x00007ffdefe54000 	C:\Windows\system32\rsaenh.dll
0x00007ffdf10c0000 - 0x00007ffdf10e7000 	C:\Windows\System32\bcrypt.dll
0x00007ffdf0c50000 - 0x00007ffdf0c7e000 	C:\Windows\SYSTEM32\USERENV.dll
0x00007ffdf0680000 - 0x00007ffdf068c000 	C:\Windows\SYSTEM32\CRYPTBASE.dll
0x00007ffdf01b0000 - 0x00007ffdf01eb000 	C:\Windows\SYSTEM32\IPHLPAPI.DLL
0x00007ffdf2bb0000 - 0x00007ffdf2bb8000 	C:\Windows\System32\NSI.dll
0x00007ffde9ad0000 - 0x00007ffde9ae7000 	C:\Windows\SYSTEM32\dhcpcsvc6.DLL
0x00007ffde9ab0000 - 0x00007ffde9acd000 	C:\Windows\SYSTEM32\dhcpcsvc.DLL
0x00007ffdf01f0000 - 0x00007ffdf02ba000 	C:\Windows\SYSTEM32\DNSAPI.dll

dbghelp: loaded successfully - version: 4.0.5 - missing functions: none
symbol engine: initialized successfully - sym options: 0x614 - pdb path: .;F:\Programs\Android\Android Studio\jre\bin;C:\Windows\SYSTEM32;C:\Windows\WinSxS\amd64_microsoft.windows.common-controls_6595b64144ccf1df_6.0.19041.1110_none_60b5254171f9507e;F:\Programs\Android\Android Studio\jre\bin\server;C:\Users\hoang\.gradle\native\e1d6ef7f7dcc3fd88c89a11ec53ec762bb8ba0a96d01ffa2cd45eb1d1d8dd5c5\windows-amd64

VM Arguments:
jvm_args: -Dorg.gradle.appname=gradlew 
java_command: org.gradle.wrapper.GradleWrapperMain -q -Ptarget-platform=android-x64 -Ptarget=D:\pk_grocery\grocery_mobile\lib\main.dart -Pbase-application-name=android.app.Application -Pdart-defines=RkxVVFRFUl9XRUJfQVVUT19ERVRFQ1Q9dHJ1ZQ== -Pdart-obfuscation=false -Pextra-front-end-options=--no-sound-null-safety -Ptrack-widget-creation=true -Ptree-shake-icons=false -Pfilesystem-scheme=org-dartlang-root assembleDebug
java_class_path (initial): D:\pk_grocery\grocery_mobile\android\\gradle\wrapper\gradle-wrapper.jar
Launcher Type: SUN_STANDARD

[Global flags]
     intx CICompilerCount                          = 4                                         {product} {ergonomic}
     uint ConcGCThreads                            = 2                                         {product} {ergonomic}
     uint G1ConcRefinementThreads                  = 8                                         {product} {ergonomic}
   size_t G1HeapRegionSize                         = 2097152                                   {product} {ergonomic}
    uintx GCDrainStackTargetSize                   = 64                                        {product} {ergonomic}
   size_t InitialHeapSize                          = 530579456                                 {product} {ergonomic}
   size_t MarkStackSize                            = 4194304                                   {product} {ergonomic}
   size_t MaxHeapSize                              = 8489271296                                {product} {ergonomic}
   size_t MaxNewSize                               = 5091885056                                {product} {ergonomic}
   size_t MinHeapDeltaBytes                        = 2097152                                   {product} {ergonomic}
    uintx NonNMethodCodeHeapSize                   = 5836300                                {pd product} {ergonomic}
    uintx NonProfiledCodeHeapSize                  = 122910970                              {pd product} {ergonomic}
    uintx ProfiledCodeHeapSize                     = 122910970                              {pd product} {ergonomic}
    uintx ReservedCodeCacheSize                    = 251658240                              {pd product} {ergonomic}
     bool SegmentedCodeCache                       = true                                      {product} {ergonomic}
     bool UseCompressedClassPointers               = true                                 {lp64_product} {ergonomic}
     bool UseCompressedOops                        = true                                 {lp64_product} {ergonomic}
     bool UseG1GC                                  = true                                      {product} {ergonomic}
     bool UseLargePagesIndividualAllocation        = false                                  {pd product} {ergonomic}

Logging:
Log output configuration:
 #0: stdout all=warning uptime,level,tags
 #1: stderr all=off uptime,level,tags

Environment Variables:
JAVA_HOME=F:\Programs\Android\Android Studio\jre
CLASSPATH=D:\pk_grocery\grocery_mobile\android\\gradle\wrapper\gradle-wrapper.jar
PATH=C:\Windows\system32;C:\Windows;C:\Windows\System32\Wbem;C:\Windows\System32\WindowsPowerShell\v1.0\;C:\Windows\System32\OpenSSH\;C:\Program Files\Microsoft SQL Server\150\Tools\Binn\;C:\Program Files\Microsoft SQL Server\Client SDK\ODBC\170\Tools\Binn\;C:\Program Files\Git\cmd;C:\Users\hoang\AppData\Roaming\nvm;C:\Program Files\nodejs;C:\Program Files\Cloudflare\Cloudflare WARP\;F:\Program Files\Certbot\bin;C:\Program Files\dotnet\;C:\Program Files\Docker\Docker\resources\bin;C:\ProgramData\DockerDesktop\version-bin;C:\Users\hoang\AppData\Local\Pub\Cache\bin;;F:\Programs\Certbot\bin;C:\Users\hoang\AppData\Local\Programs\Python\Python310\Scripts\;C:\Users\hoang\AppData\Local\Programs\Python\Python310\;C:\Users\hoang\AppData\Local\Microsoft\WindowsApps;C:\Users\hoang\AppData\Roaming\nvm;C:\Program Files\nodejs;F:\Program Files\Microsoft VS Code\bin;D:\flutter\bin;C:\Users\hoang\.dotnet\tools;C:\Users\hoang\AppData\Local\Pub\Cache\bin;C:\Users\hoang\AppData\Local\Android\Sdk\platform-tools;;D:\flutter\bin\mingit\cmd
USERNAME=hoang
OS=Windows_NT
PROCESSOR_IDENTIFIER=Intel64 Family 6 Model 60 Stepping 3, GenuineIntel



---------------  S Y S T E M  ---------------

OS: Windows 10 , 64 bit Build 19041 (10.0.19041.1889)
OS uptime: 8 days 12:10 hours
Hyper-V role detected

CPU:total 8 (initial active 8) (4 cores per cpu, 2 threads per core) family 6 model 60 stepping 3 microcode 0x27, cmov, cx8, fxsr, mmx, sse, sse2, sse3, ssse3, sse4.1, sse4.2, popcnt, avx, avx2, aes, clmul, erms, lzcnt, ht, tsc, tscinvbit, bmi1, bmi2, fma

Memory: 4k page, system-wide physical 32377M (1101M free)
TotalPageFile size 32377M (AvailPageFile size 6M)
current process WorkingSet (physical memory assigned to process): 117M, peak: 123M
current process commit charge ("private bytes"): 625M, peak: 630M

vm_info: OpenJDK 64-Bit Server VM (11.0.12+7-b1504.28-7817840) for windows-amd64 JRE (11.0.12+7-b1504.28-7817840), built on Oct 13 2021 22:12:33 by "builder" with MS VC++ 14.0 (VS2015)

END.
